<?xml version="1.0" encoding="UTF-8"?>
<testng-results ignored="0" total="10" passed="10" failed="0" skipped="0">
  <reporter-output>
  </reporter-output>
  <suite started-at="2024-09-27T12:18:03 IST" name="Suite" finished-at="2024-09-27T12:18:16 IST" duration-ms="13694">
    <groups>
    </groups>
    <test started-at="2024-09-27T12:18:03 IST" name="Test" finished-at="2024-09-27T12:18:16 IST" duration-ms="13694">
      <class name="test.testCartFeature">
        <test-method is-config="true" signature="beforeSuite()[pri:0, instance:test.testCartFeature@29e495ff]" started-at="2024-09-27T12:18:03 IST" name="beforeSuite" finished-at="2024-09-27T12:18:03 IST" duration-ms="31" status="PASS">
          <reporter-output>
          </reporter-output>
        </test-method> <!-- beforeSuite -->
        <test-method is-config="true" signature="beforeTest()[pri:0, instance:test.testCartFeature@29e495ff]" started-at="2024-09-27T12:18:03 IST" name="beforeTest" finished-at="2024-09-27T12:18:03 IST" duration-ms="2" status="PASS">
          <reporter-output>
          </reporter-output>
        </test-method> <!-- beforeTest -->
        <test-method is-config="true" signature="setUp()[pri:0, instance:test.testCartFeature@29e495ff]" started-at="2024-09-27T12:18:03 IST" name="setUp" finished-at="2024-09-27T12:18:07 IST" duration-ms="3976" status="PASS">
          <reporter-output>
          </reporter-output>
        </test-method> <!-- setUp -->
        <test-method is-config="true" signature="beforeMethod(org.testng.ITestContext,java.lang.reflect.Method)[pri:0, instance:test.testCartFeature@29e495ff]" started-at="2024-09-27T12:18:07 IST" name="beforeMethod" finished-at="2024-09-27T12:18:07 IST" duration-ms="12" status="PASS">
          <params>
            <param index="0">
              <value>
                <![CDATA[org.testng.TestRunner@4b8d604b]]>
              </value>
            </param>
            <param index="1">
              <value>
                <![CDATA[public void test.testCartFeature.testLoginPage()]]>
              </value>
            </param>
          </params>
          <reporter-output>
          </reporter-output>
        </test-method> <!-- beforeMethod -->
        <test-method signature="testLoginPage()[pri:1, instance:test.testCartFeature@29e495ff]" started-at="2024-09-27T12:18:07 IST" name="testLoginPage" finished-at="2024-09-27T12:18:11 IST" duration-ms="4043" status="PASS">
          <reporter-output>
          </reporter-output>
        </test-method> <!-- testLoginPage -->
        <test-method is-config="true" signature="tearDown(org.testng.ITestContext,java.lang.reflect.Method)[pri:0, instance:test.testCartFeature@29e495ff]" started-at="2024-09-27T12:18:11 IST" name="tearDown" finished-at="2024-09-27T12:18:11 IST" duration-ms="164" status="PASS">
          <params>
            <param index="0">
              <value>
                <![CDATA[org.testng.TestRunner@4b8d604b]]>
              </value>
            </param>
            <param index="1">
              <value>
                <![CDATA[public void test.testCartFeature.testLoginPage()]]>
              </value>
            </param>
          </params>
          <reporter-output>
          </reporter-output>
        </test-method> <!-- tearDown -->
        <test-method signature="testSuccessfulLogin()[pri:2, instance:test.testCartFeature@29e495ff]" started-at="2024-09-27T12:18:11 IST" name="testSuccessfulLogin" finished-at="2024-09-27T12:18:11 IST" depends-on-methods="test.testCartFeature.testLoginPage" duration-ms="297" status="PASS">
          <reporter-output>
          </reporter-output>
        </test-method> <!-- testSuccessfulLogin -->
        <test-method is-config="true" signature="beforeMethod(org.testng.ITestContext,java.lang.reflect.Method)[pri:0, instance:test.testCartFeature@29e495ff]" started-at="2024-09-27T12:18:11 IST" name="beforeMethod" finished-at="2024-09-27T12:18:11 IST" duration-ms="0" status="PASS">
          <params>
            <param index="0">
              <value>
                <![CDATA[org.testng.TestRunner@4b8d604b]]>
              </value>
            </param>
            <param index="1">
              <value>
                <![CDATA[public void test.testCartFeature.testSuccessfulLogin()]]>
              </value>
            </param>
          </params>
          <reporter-output>
          </reporter-output>
        </test-method> <!-- beforeMethod -->
        <test-method is-config="true" signature="tearDown(org.testng.ITestContext,java.lang.reflect.Method)[pri:0, instance:test.testCartFeature@29e495ff]" started-at="2024-09-27T12:18:11 IST" name="tearDown" finished-at="2024-09-27T12:18:12 IST" duration-ms="167" status="PASS">
          <params>
            <param index="0">
              <value>
                <![CDATA[org.testng.TestRunner@4b8d604b]]>
              </value>
            </param>
            <param index="1">
              <value>
                <![CDATA[public void test.testCartFeature.testSuccessfulLogin()]]>
              </value>
            </param>
          </params>
          <reporter-output>
          </reporter-output>
        </test-method> <!-- tearDown -->
        <test-method signature="testAddItemToCart(java.lang.String)[pri:3, instance:test.testCartFeature@29e495ff]" started-at="2024-09-27T12:18:12 IST" name="testAddItemToCart" data-provider="itemsProvider" finished-at="2024-09-27T12:18:12 IST" depends-on-methods="test.testCartFeature.testSuccessfulLogin" duration-ms="193" status="PASS">
          <params>
            <param index="0">
              <value>
                <![CDATA[Sauce Labs Backpack]]>
              </value>
            </param>
          </params>
          <reporter-output>
          </reporter-output>
        </test-method> <!-- testAddItemToCart -->
        <test-method is-config="true" signature="beforeMethod(org.testng.ITestContext,java.lang.reflect.Method)[pri:0, instance:test.testCartFeature@29e495ff]" started-at="2024-09-27T12:18:12 IST" name="beforeMethod" finished-at="2024-09-27T12:18:12 IST" duration-ms="0" status="PASS">
          <params>
            <param index="0">
              <value>
                <![CDATA[org.testng.TestRunner@4b8d604b]]>
              </value>
            </param>
            <param index="1">
              <value>
                <![CDATA[public void test.testCartFeature.testAddItemToCart(java.lang.String)]]>
              </value>
            </param>
          </params>
          <reporter-output>
          </reporter-output>
        </test-method> <!-- beforeMethod -->
        <test-method is-config="true" signature="tearDown(org.testng.ITestContext,java.lang.reflect.Method)[pri:0, instance:test.testCartFeature@29e495ff]" started-at="2024-09-27T12:18:12 IST" name="tearDown" finished-at="2024-09-27T12:18:12 IST" duration-ms="189" status="PASS">
          <params>
            <param index="0">
              <value>
                <![CDATA[org.testng.TestRunner@4b8d604b]]>
              </value>
            </param>
            <param index="1">
              <value>
                <![CDATA[public void test.testCartFeature.testAddItemToCart(java.lang.String)]]>
              </value>
            </param>
          </params>
          <reporter-output>
          </reporter-output>
        </test-method> <!-- tearDown -->
        <test-method is-config="true" signature="beforeMethod(org.testng.ITestContext,java.lang.reflect.Method)[pri:0, instance:test.testCartFeature@29e495ff]" started-at="2024-09-27T12:18:12 IST" name="beforeMethod" finished-at="2024-09-27T12:18:12 IST" duration-ms="0" status="PASS">
          <params>
            <param index="0">
              <value>
                <![CDATA[org.testng.TestRunner@4b8d604b]]>
              </value>
            </param>
            <param index="1">
              <value>
                <![CDATA[public void test.testCartFeature.testAddItemToCart(java.lang.String)]]>
              </value>
            </param>
          </params>
          <reporter-output>
          </reporter-output>
        </test-method> <!-- beforeMethod -->
        <test-method signature="testAddItemToCart(java.lang.String)[pri:3, instance:test.testCartFeature@29e495ff]" started-at="2024-09-27T12:18:12 IST" name="testAddItemToCart" data-provider="itemsProvider" finished-at="2024-09-27T12:18:12 IST" depends-on-methods="test.testCartFeature.testSuccessfulLogin" duration-ms="191" status="PASS">
          <params>
            <param index="0">
              <value>
                <![CDATA[Sauce Labs Bike Light]]>
              </value>
            </param>
          </params>
          <reporter-output>
          </reporter-output>
        </test-method> <!-- testAddItemToCart -->
        <test-method is-config="true" signature="tearDown(org.testng.ITestContext,java.lang.reflect.Method)[pri:0, instance:test.testCartFeature@29e495ff]" started-at="2024-09-27T12:18:12 IST" name="tearDown" finished-at="2024-09-27T12:18:12 IST" duration-ms="208" status="PASS">
          <params>
            <param index="0">
              <value>
                <![CDATA[org.testng.TestRunner@4b8d604b]]>
              </value>
            </param>
            <param index="1">
              <value>
                <![CDATA[public void test.testCartFeature.testAddItemToCart(java.lang.String)]]>
              </value>
            </param>
          </params>
          <reporter-output>
          </reporter-output>
        </test-method> <!-- tearDown -->
        <test-method is-config="true" signature="beforeMethod(org.testng.ITestContext,java.lang.reflect.Method)[pri:0, instance:test.testCartFeature@29e495ff]" started-at="2024-09-27T12:18:12 IST" name="beforeMethod" finished-at="2024-09-27T12:18:12 IST" duration-ms="1" status="PASS">
          <params>
            <param index="0">
              <value>
                <![CDATA[org.testng.TestRunner@4b8d604b]]>
              </value>
            </param>
            <param index="1">
              <value>
                <![CDATA[public void test.testCartFeature.testAddItemToCart(java.lang.String)]]>
              </value>
            </param>
          </params>
          <reporter-output>
          </reporter-output>
        </test-method> <!-- beforeMethod -->
        <test-method signature="testAddItemToCart(java.lang.String)[pri:3, instance:test.testCartFeature@29e495ff]" started-at="2024-09-27T12:18:12 IST" name="testAddItemToCart" data-provider="itemsProvider" finished-at="2024-09-27T12:18:13 IST" depends-on-methods="test.testCartFeature.testSuccessfulLogin" duration-ms="354" status="PASS">
          <params>
            <param index="0">
              <value>
                <![CDATA[Sauce Labs Fleece Jacket]]>
              </value>
            </param>
          </params>
          <reporter-output>
          </reporter-output>
        </test-method> <!-- testAddItemToCart -->
        <test-method is-config="true" signature="tearDown(org.testng.ITestContext,java.lang.reflect.Method)[pri:0, instance:test.testCartFeature@29e495ff]" started-at="2024-09-27T12:18:13 IST" name="tearDown" finished-at="2024-09-27T12:18:13 IST" duration-ms="215" status="PASS">
          <params>
            <param index="0">
              <value>
                <![CDATA[org.testng.TestRunner@4b8d604b]]>
              </value>
            </param>
            <param index="1">
              <value>
                <![CDATA[public void test.testCartFeature.testAddItemToCart(java.lang.String)]]>
              </value>
            </param>
          </params>
          <reporter-output>
          </reporter-output>
        </test-method> <!-- tearDown -->
        <test-method is-config="true" signature="beforeMethod(org.testng.ITestContext,java.lang.reflect.Method)[pri:0, instance:test.testCartFeature@29e495ff]" started-at="2024-09-27T12:18:13 IST" name="beforeMethod" finished-at="2024-09-27T12:18:13 IST" duration-ms="1" status="PASS">
          <params>
            <param index="0">
              <value>
                <![CDATA[org.testng.TestRunner@4b8d604b]]>
              </value>
            </param>
            <param index="1">
              <value>
                <![CDATA[public void test.testCartFeature.testAddItemToCart(java.lang.String)]]>
              </value>
            </param>
          </params>
          <reporter-output>
          </reporter-output>
        </test-method> <!-- beforeMethod -->
        <test-method signature="testAddItemToCart(java.lang.String)[pri:3, instance:test.testCartFeature@29e495ff]" started-at="2024-09-27T12:18:13 IST" name="testAddItemToCart" data-provider="itemsProvider" finished-at="2024-09-27T12:18:13 IST" depends-on-methods="test.testCartFeature.testSuccessfulLogin" duration-ms="291" status="PASS">
          <params>
            <param index="0">
              <value>
                <![CDATA[Sauce Labs Bolt T-Shirt]]>
              </value>
            </param>
          </params>
          <reporter-output>
          </reporter-output>
        </test-method> <!-- testAddItemToCart -->
        <test-method is-config="true" signature="tearDown(org.testng.ITestContext,java.lang.reflect.Method)[pri:0, instance:test.testCartFeature@29e495ff]" started-at="2024-09-27T12:18:13 IST" name="tearDown" finished-at="2024-09-27T12:18:13 IST" duration-ms="190" status="PASS">
          <params>
            <param index="0">
              <value>
                <![CDATA[org.testng.TestRunner@4b8d604b]]>
              </value>
            </param>
            <param index="1">
              <value>
                <![CDATA[public void test.testCartFeature.testAddItemToCart(java.lang.String)]]>
              </value>
            </param>
          </params>
          <reporter-output>
          </reporter-output>
        </test-method> <!-- tearDown -->
        <test-method is-config="true" signature="beforeMethod(org.testng.ITestContext,java.lang.reflect.Method)[pri:0, instance:test.testCartFeature@29e495ff]" started-at="2024-09-27T12:18:13 IST" name="beforeMethod" finished-at="2024-09-27T12:18:13 IST" duration-ms="1" status="PASS">
          <params>
            <param index="0">
              <value>
                <![CDATA[org.testng.TestRunner@4b8d604b]]>
              </value>
            </param>
            <param index="1">
              <value>
                <![CDATA[public void test.testCartFeature.testAddItemToCart(java.lang.String)]]>
              </value>
            </param>
          </params>
          <reporter-output>
          </reporter-output>
        </test-method> <!-- beforeMethod -->
        <test-method signature="testAddItemToCart(java.lang.String)[pri:3, instance:test.testCartFeature@29e495ff]" started-at="2024-09-27T12:18:13 IST" name="testAddItemToCart" data-provider="itemsProvider" finished-at="2024-09-27T12:18:14 IST" depends-on-methods="test.testCartFeature.testSuccessfulLogin" duration-ms="368" status="PASS">
          <params>
            <param index="0">
              <value>
                <![CDATA[Sauce Labs Onesie]]>
              </value>
            </param>
          </params>
          <reporter-output>
          </reporter-output>
        </test-method> <!-- testAddItemToCart -->
        <test-method is-config="true" signature="tearDown(org.testng.ITestContext,java.lang.reflect.Method)[pri:0, instance:test.testCartFeature@29e495ff]" started-at="2024-09-27T12:18:14 IST" name="tearDown" finished-at="2024-09-27T12:18:14 IST" duration-ms="361" status="PASS">
          <params>
            <param index="0">
              <value>
                <![CDATA[org.testng.TestRunner@4b8d604b]]>
              </value>
            </param>
            <param index="1">
              <value>
                <![CDATA[public void test.testCartFeature.testAddItemToCart(java.lang.String)]]>
              </value>
            </param>
          </params>
          <reporter-output>
          </reporter-output>
        </test-method> <!-- tearDown -->
        <test-method is-config="true" signature="beforeMethod(org.testng.ITestContext,java.lang.reflect.Method)[pri:0, instance:test.testCartFeature@29e495ff]" started-at="2024-09-27T12:18:14 IST" name="beforeMethod" finished-at="2024-09-27T12:18:14 IST" duration-ms="1" status="PASS">
          <params>
            <param index="0">
              <value>
                <![CDATA[org.testng.TestRunner@4b8d604b]]>
              </value>
            </param>
            <param index="1">
              <value>
                <![CDATA[public void test.testCartFeature.testAddItemToCart(java.lang.String)]]>
              </value>
            </param>
          </params>
          <reporter-output>
          </reporter-output>
        </test-method> <!-- beforeMethod -->
        <test-method signature="testAddItemToCart(java.lang.String)[pri:3, instance:test.testCartFeature@29e495ff]" started-at="2024-09-27T12:18:14 IST" name="testAddItemToCart" data-provider="itemsProvider" finished-at="2024-09-27T12:18:15 IST" depends-on-methods="test.testCartFeature.testSuccessfulLogin" duration-ms="414" status="PASS">
          <params>
            <param index="0">
              <value>
                <![CDATA[Test.allTheThings() T-Shirt (Red)]]>
              </value>
            </param>
          </params>
          <reporter-output>
          </reporter-output>
        </test-method> <!-- testAddItemToCart -->
        <test-method is-config="true" signature="tearDown(org.testng.ITestContext,java.lang.reflect.Method)[pri:0, instance:test.testCartFeature@29e495ff]" started-at="2024-09-27T12:18:15 IST" name="tearDown" finished-at="2024-09-27T12:18:15 IST" duration-ms="209" status="PASS">
          <params>
            <param index="0">
              <value>
                <![CDATA[org.testng.TestRunner@4b8d604b]]>
              </value>
            </param>
            <param index="1">
              <value>
                <![CDATA[public void test.testCartFeature.testAddItemToCart(java.lang.String)]]>
              </value>
            </param>
          </params>
          <reporter-output>
          </reporter-output>
        </test-method> <!-- tearDown -->
        <test-method is-config="true" signature="beforeMethod(org.testng.ITestContext,java.lang.reflect.Method)[pri:0, instance:test.testCartFeature@29e495ff]" started-at="2024-09-27T12:18:15 IST" name="beforeMethod" finished-at="2024-09-27T12:18:15 IST" duration-ms="1" status="PASS">
          <params>
            <param index="0">
              <value>
                <![CDATA[org.testng.TestRunner@4b8d604b]]>
              </value>
            </param>
            <param index="1">
              <value>
                <![CDATA[public void test.testCartFeature.testCartList()]]>
              </value>
            </param>
          </params>
          <reporter-output>
          </reporter-output>
        </test-method> <!-- beforeMethod -->
        <test-method signature="testCartList()[pri:4, instance:test.testCartFeature@29e495ff]" started-at="2024-09-27T12:18:15 IST" name="testCartList" finished-at="2024-09-27T12:18:15 IST" depends-on-methods="test.testCartFeature.testAddItemToCart" duration-ms="224" status="PASS">
          <reporter-output>
          </reporter-output>
        </test-method> <!-- testCartList -->
        <test-method is-config="true" signature="tearDown(org.testng.ITestContext,java.lang.reflect.Method)[pri:0, instance:test.testCartFeature@29e495ff]" started-at="2024-09-27T12:18:15 IST" name="tearDown" finished-at="2024-09-27T12:18:15 IST" duration-ms="141" status="PASS">
          <params>
            <param index="0">
              <value>
                <![CDATA[org.testng.TestRunner@4b8d604b]]>
              </value>
            </param>
            <param index="1">
              <value>
                <![CDATA[public void test.testCartFeature.testCartList()]]>
              </value>
            </param>
          </params>
          <reporter-output>
          </reporter-output>
        </test-method> <!-- tearDown -->
        <test-method signature="testLogout()[pri:5, instance:test.testCartFeature@29e495ff]" started-at="2024-09-27T12:18:15 IST" name="testLogout" finished-at="2024-09-27T12:18:16 IST" depends-on-methods="test.testCartFeature.testCartList" duration-ms="716" status="PASS">
          <reporter-output>
          </reporter-output>
        </test-method> <!-- testLogout -->
        <test-method is-config="true" signature="beforeMethod(org.testng.ITestContext,java.lang.reflect.Method)[pri:0, instance:test.testCartFeature@29e495ff]" started-at="2024-09-27T12:18:15 IST" name="beforeMethod" finished-at="2024-09-27T12:18:15 IST" duration-ms="0" status="PASS">
          <params>
            <param index="0">
              <value>
                <![CDATA[org.testng.TestRunner@4b8d604b]]>
              </value>
            </param>
            <param index="1">
              <value>
                <![CDATA[public void test.testCartFeature.testLogout()]]>
              </value>
            </param>
          </params>
          <reporter-output>
          </reporter-output>
        </test-method> <!-- beforeMethod -->
        <test-method is-config="true" signature="tearDown(org.testng.ITestContext,java.lang.reflect.Method)[pri:0, instance:test.testCartFeature@29e495ff]" started-at="2024-09-27T12:18:16 IST" name="tearDown" finished-at="2024-09-27T12:18:16 IST" duration-ms="147" status="PASS">
          <params>
            <param index="0">
              <value>
                <![CDATA[org.testng.TestRunner@4b8d604b]]>
              </value>
            </param>
            <param index="1">
              <value>
                <![CDATA[public void test.testCartFeature.testLogout()]]>
              </value>
            </param>
          </params>
          <reporter-output>
          </reporter-output>
        </test-method> <!-- tearDown -->
        <test-method is-config="true" signature="closeBrowser()[pri:0, instance:test.testCartFeature@29e495ff]" started-at="2024-09-27T12:18:16 IST" name="closeBrowser" finished-at="2024-09-27T12:18:16 IST" duration-ms="486" status="PASS">
          <reporter-output>
          </reporter-output>
        </test-method> <!-- closeBrowser -->
        <test-method is-config="true" signature="afterTest()[pri:0, instance:test.testCartFeature@29e495ff]" started-at="2024-09-27T12:18:16 IST" name="afterTest" finished-at="2024-09-27T12:18:16 IST" duration-ms="1" status="PASS">
          <reporter-output>
          </reporter-output>
        </test-method> <!-- afterTest -->
        <test-method is-config="true" signature="afterSuite()[pri:0, instance:test.testCartFeature@29e495ff]" started-at="2024-09-27T12:18:17 IST" name="afterSuite" finished-at="2024-09-27T12:18:17 IST" duration-ms="1" status="PASS">
          <reporter-output>
          </reporter-output>
        </test-method> <!-- afterSuite -->
      </class> <!-- test.testCartFeature -->
    </test> <!-- Test -->
  </suite> <!-- Suite -->
</testng-results>
