<?xml version="1.0" encoding="UTF-8"?>
<testng-results ignored="0" total="10" passed="10" failed="0" skipped="0">
  <reporter-output>
  </reporter-output>
  <suite started-at="2024-09-26T20:11:35 IST" name="Suite" finished-at="2024-09-26T20:11:49 IST" duration-ms="13399">
    <groups>
    </groups>
    <test started-at="2024-09-26T20:11:35 IST" name="Test" finished-at="2024-09-26T20:11:49 IST" duration-ms="13399">
      <class name="test.AuthenticationTest">
        <test-method is-config="true" signature="beforeSuite()[pri:0, instance:test.AuthenticationTest@378542de]" started-at="2024-09-26T20:11:35 IST" name="beforeSuite" finished-at="2024-09-26T20:11:35 IST" duration-ms="37" status="PASS">
          <reporter-output>
          </reporter-output>
        </test-method> <!-- beforeSuite -->
        <test-method is-config="true" signature="beforeTest()[pri:0, instance:test.AuthenticationTest@378542de]" started-at="2024-09-26T20:11:35 IST" name="beforeTest" finished-at="2024-09-26T20:11:35 IST" duration-ms="1" status="PASS">
          <reporter-output>
          </reporter-output>
        </test-method> <!-- beforeTest -->
        <test-method is-config="true" signature="setUp()[pri:0, instance:test.AuthenticationTest@378542de]" started-at="2024-09-26T20:11:35 IST" name="setUp" finished-at="2024-09-26T20:11:38 IST" duration-ms="2533" status="PASS">
          <reporter-output>
          </reporter-output>
        </test-method> <!-- setUp -->
        <test-method is-config="true" signature="beforeMethod(org.testng.ITestContext,java.lang.reflect.Method)[pri:0, instance:test.AuthenticationTest@378542de]" started-at="2024-09-26T20:11:38 IST" name="beforeMethod" finished-at="2024-09-26T20:11:38 IST" duration-ms="3" status="PASS">
          <params>
            <param index="0">
              <value>
                <![CDATA[org.testng.TestRunner@55cb6996]]>
              </value>
            </param>
            <param index="1">
              <value>
                <![CDATA[public void test.AuthenticationTest.testLoginPage()]]>
              </value>
            </param>
          </params>
          <reporter-output>
          </reporter-output>
        </test-method> <!-- beforeMethod -->
        <test-method signature="testLoginPage()[pri:1, instance:test.AuthenticationTest@378542de]" started-at="2024-09-26T20:11:38 IST" name="testLoginPage" finished-at="2024-09-26T20:11:42 IST" duration-ms="3889" status="PASS">
          <reporter-output>
          </reporter-output>
        </test-method> <!-- testLoginPage -->
        <test-method is-config="true" signature="tearDown(org.testng.ITestContext,java.lang.reflect.Method)[pri:0, instance:test.AuthenticationTest@378542de]" started-at="2024-09-26T20:11:42 IST" name="tearDown" finished-at="2024-09-26T20:11:42 IST" duration-ms="169" status="PASS">
          <params>
            <param index="0">
              <value>
                <![CDATA[org.testng.TestRunner@55cb6996]]>
              </value>
            </param>
            <param index="1">
              <value>
                <![CDATA[public void test.AuthenticationTest.testLoginPage()]]>
              </value>
            </param>
          </params>
          <reporter-output>
          </reporter-output>
        </test-method> <!-- tearDown -->
        <test-method is-config="true" signature="beforeMethod(org.testng.ITestContext,java.lang.reflect.Method)[pri:0, instance:test.AuthenticationTest@378542de]" started-at="2024-09-26T20:11:42 IST" name="beforeMethod" finished-at="2024-09-26T20:11:42 IST" duration-ms="1" status="PASS">
          <params>
            <param index="0">
              <value>
                <![CDATA[org.testng.TestRunner@55cb6996]]>
              </value>
            </param>
            <param index="1">
              <value>
                <![CDATA[public void test.AuthenticationTest.testSuccessfulLogin()]]>
              </value>
            </param>
          </params>
          <reporter-output>
          </reporter-output>
        </test-method> <!-- beforeMethod -->
        <test-method signature="testSuccessfulLogin()[pri:2, instance:test.AuthenticationTest@378542de]" started-at="2024-09-26T20:11:42 IST" name="testSuccessfulLogin" finished-at="2024-09-26T20:11:42 IST" depends-on-methods="test.AuthenticationTest.testLoginPage" duration-ms="289" status="PASS">
          <reporter-output>
          </reporter-output>
        </test-method> <!-- testSuccessfulLogin -->
        <test-method is-config="true" signature="tearDown(org.testng.ITestContext,java.lang.reflect.Method)[pri:0, instance:test.AuthenticationTest@378542de]" started-at="2024-09-26T20:11:42 IST" name="tearDown" finished-at="2024-09-26T20:11:44 IST" duration-ms="1917" status="PASS">
          <params>
            <param index="0">
              <value>
                <![CDATA[org.testng.TestRunner@55cb6996]]>
              </value>
            </param>
            <param index="1">
              <value>
                <![CDATA[public void test.AuthenticationTest.testSuccessfulLogin()]]>
              </value>
            </param>
          </params>
          <reporter-output>
          </reporter-output>
        </test-method> <!-- tearDown -->
        <test-method is-config="true" signature="beforeMethod(org.testng.ITestContext,java.lang.reflect.Method)[pri:0, instance:test.AuthenticationTest@378542de]" started-at="2024-09-26T20:11:44 IST" name="beforeMethod" finished-at="2024-09-26T20:11:44 IST" duration-ms="1" status="PASS">
          <params>
            <param index="0">
              <value>
                <![CDATA[org.testng.TestRunner@55cb6996]]>
              </value>
            </param>
            <param index="1">
              <value>
                <![CDATA[public void test.AuthenticationTest.testAddItemToCart(java.lang.String)]]>
              </value>
            </param>
          </params>
          <reporter-output>
          </reporter-output>
        </test-method> <!-- beforeMethod -->
        <test-method signature="testAddItemToCart(java.lang.String)[pri:3, instance:test.AuthenticationTest@378542de]" started-at="2024-09-26T20:11:44 IST" name="testAddItemToCart" data-provider="itemsProvider" finished-at="2024-09-26T20:11:44 IST" depends-on-methods="test.AuthenticationTest.testSuccessfulLogin" duration-ms="172" status="PASS">
          <params>
            <param index="0">
              <value>
                <![CDATA[Sauce Labs Backpack]]>
              </value>
            </param>
          </params>
          <reporter-output>
          </reporter-output>
        </test-method> <!-- testAddItemToCart -->
        <test-method is-config="true" signature="tearDown(org.testng.ITestContext,java.lang.reflect.Method)[pri:0, instance:test.AuthenticationTest@378542de]" started-at="2024-09-26T20:11:44 IST" name="tearDown" finished-at="2024-09-26T20:11:44 IST" duration-ms="189" status="PASS">
          <params>
            <param index="0">
              <value>
                <![CDATA[org.testng.TestRunner@55cb6996]]>
              </value>
            </param>
            <param index="1">
              <value>
                <![CDATA[public void test.AuthenticationTest.testAddItemToCart(java.lang.String)]]>
              </value>
            </param>
          </params>
          <reporter-output>
          </reporter-output>
        </test-method> <!-- tearDown -->
        <test-method is-config="true" signature="beforeMethod(org.testng.ITestContext,java.lang.reflect.Method)[pri:0, instance:test.AuthenticationTest@378542de]" started-at="2024-09-26T20:11:44 IST" name="beforeMethod" finished-at="2024-09-26T20:11:44 IST" duration-ms="0" status="PASS">
          <params>
            <param index="0">
              <value>
                <![CDATA[org.testng.TestRunner@55cb6996]]>
              </value>
            </param>
            <param index="1">
              <value>
                <![CDATA[public void test.AuthenticationTest.testAddItemToCart(java.lang.String)]]>
              </value>
            </param>
          </params>
          <reporter-output>
          </reporter-output>
        </test-method> <!-- beforeMethod -->
        <test-method signature="testAddItemToCart(java.lang.String)[pri:3, instance:test.AuthenticationTest@378542de]" started-at="2024-09-26T20:11:44 IST" name="testAddItemToCart" data-provider="itemsProvider" finished-at="2024-09-26T20:11:45 IST" depends-on-methods="test.AuthenticationTest.testSuccessfulLogin" duration-ms="201" status="PASS">
          <params>
            <param index="0">
              <value>
                <![CDATA[Sauce Labs Bike Light]]>
              </value>
            </param>
          </params>
          <reporter-output>
          </reporter-output>
        </test-method> <!-- testAddItemToCart -->
        <test-method is-config="true" signature="tearDown(org.testng.ITestContext,java.lang.reflect.Method)[pri:0, instance:test.AuthenticationTest@378542de]" started-at="2024-09-26T20:11:45 IST" name="tearDown" finished-at="2024-09-26T20:11:45 IST" duration-ms="188" status="PASS">
          <params>
            <param index="0">
              <value>
                <![CDATA[org.testng.TestRunner@55cb6996]]>
              </value>
            </param>
            <param index="1">
              <value>
                <![CDATA[public void test.AuthenticationTest.testAddItemToCart(java.lang.String)]]>
              </value>
            </param>
          </params>
          <reporter-output>
          </reporter-output>
        </test-method> <!-- tearDown -->
        <test-method is-config="true" signature="beforeMethod(org.testng.ITestContext,java.lang.reflect.Method)[pri:0, instance:test.AuthenticationTest@378542de]" started-at="2024-09-26T20:11:45 IST" name="beforeMethod" finished-at="2024-09-26T20:11:45 IST" duration-ms="0" status="PASS">
          <params>
            <param index="0">
              <value>
                <![CDATA[org.testng.TestRunner@55cb6996]]>
              </value>
            </param>
            <param index="1">
              <value>
                <![CDATA[public void test.AuthenticationTest.testAddItemToCart(java.lang.String)]]>
              </value>
            </param>
          </params>
          <reporter-output>
          </reporter-output>
        </test-method> <!-- beforeMethod -->
        <test-method signature="testAddItemToCart(java.lang.String)[pri:3, instance:test.AuthenticationTest@378542de]" started-at="2024-09-26T20:11:45 IST" name="testAddItemToCart" data-provider="itemsProvider" finished-at="2024-09-26T20:11:45 IST" depends-on-methods="test.AuthenticationTest.testSuccessfulLogin" duration-ms="293" status="PASS">
          <params>
            <param index="0">
              <value>
                <![CDATA[Sauce Labs Fleece Jacket]]>
              </value>
            </param>
          </params>
          <reporter-output>
          </reporter-output>
        </test-method> <!-- testAddItemToCart -->
        <test-method is-config="true" signature="tearDown(org.testng.ITestContext,java.lang.reflect.Method)[pri:0, instance:test.AuthenticationTest@378542de]" started-at="2024-09-26T20:11:45 IST" name="tearDown" finished-at="2024-09-26T20:11:45 IST" duration-ms="186" status="PASS">
          <params>
            <param index="0">
              <value>
                <![CDATA[org.testng.TestRunner@55cb6996]]>
              </value>
            </param>
            <param index="1">
              <value>
                <![CDATA[public void test.AuthenticationTest.testAddItemToCart(java.lang.String)]]>
              </value>
            </param>
          </params>
          <reporter-output>
          </reporter-output>
        </test-method> <!-- tearDown -->
        <test-method is-config="true" signature="beforeMethod(org.testng.ITestContext,java.lang.reflect.Method)[pri:0, instance:test.AuthenticationTest@378542de]" started-at="2024-09-26T20:11:45 IST" name="beforeMethod" finished-at="2024-09-26T20:11:45 IST" duration-ms="3" status="PASS">
          <params>
            <param index="0">
              <value>
                <![CDATA[org.testng.TestRunner@55cb6996]]>
              </value>
            </param>
            <param index="1">
              <value>
                <![CDATA[public void test.AuthenticationTest.testAddItemToCart(java.lang.String)]]>
              </value>
            </param>
          </params>
          <reporter-output>
          </reporter-output>
        </test-method> <!-- beforeMethod -->
        <test-method signature="testAddItemToCart(java.lang.String)[pri:3, instance:test.AuthenticationTest@378542de]" started-at="2024-09-26T20:11:45 IST" name="testAddItemToCart" data-provider="itemsProvider" finished-at="2024-09-26T20:11:45 IST" depends-on-methods="test.AuthenticationTest.testSuccessfulLogin" duration-ms="228" status="PASS">
          <params>
            <param index="0">
              <value>
                <![CDATA[Sauce Labs Bolt T-Shirt]]>
              </value>
            </param>
          </params>
          <reporter-output>
          </reporter-output>
        </test-method> <!-- testAddItemToCart -->
        <test-method is-config="true" signature="tearDown(org.testng.ITestContext,java.lang.reflect.Method)[pri:0, instance:test.AuthenticationTest@378542de]" started-at="2024-09-26T20:11:45 IST" name="tearDown" finished-at="2024-09-26T20:11:46 IST" duration-ms="251" status="PASS">
          <params>
            <param index="0">
              <value>
                <![CDATA[org.testng.TestRunner@55cb6996]]>
              </value>
            </param>
            <param index="1">
              <value>
                <![CDATA[public void test.AuthenticationTest.testAddItemToCart(java.lang.String)]]>
              </value>
            </param>
          </params>
          <reporter-output>
          </reporter-output>
        </test-method> <!-- tearDown -->
        <test-method is-config="true" signature="beforeMethod(org.testng.ITestContext,java.lang.reflect.Method)[pri:0, instance:test.AuthenticationTest@378542de]" started-at="2024-09-26T20:11:46 IST" name="beforeMethod" finished-at="2024-09-26T20:11:46 IST" duration-ms="1" status="PASS">
          <params>
            <param index="0">
              <value>
                <![CDATA[org.testng.TestRunner@55cb6996]]>
              </value>
            </param>
            <param index="1">
              <value>
                <![CDATA[public void test.AuthenticationTest.testAddItemToCart(java.lang.String)]]>
              </value>
            </param>
          </params>
          <reporter-output>
          </reporter-output>
        </test-method> <!-- beforeMethod -->
        <test-method signature="testAddItemToCart(java.lang.String)[pri:3, instance:test.AuthenticationTest@378542de]" started-at="2024-09-26T20:11:46 IST" name="testAddItemToCart" data-provider="itemsProvider" finished-at="2024-09-26T20:11:46 IST" depends-on-methods="test.AuthenticationTest.testSuccessfulLogin" duration-ms="342" status="PASS">
          <params>
            <param index="0">
              <value>
                <![CDATA[Sauce Labs Onesie]]>
              </value>
            </param>
          </params>
          <reporter-output>
          </reporter-output>
        </test-method> <!-- testAddItemToCart -->
        <test-method is-config="true" signature="tearDown(org.testng.ITestContext,java.lang.reflect.Method)[pri:0, instance:test.AuthenticationTest@378542de]" started-at="2024-09-26T20:11:46 IST" name="tearDown" finished-at="2024-09-26T20:11:46 IST" duration-ms="184" status="PASS">
          <params>
            <param index="0">
              <value>
                <![CDATA[org.testng.TestRunner@55cb6996]]>
              </value>
            </param>
            <param index="1">
              <value>
                <![CDATA[public void test.AuthenticationTest.testAddItemToCart(java.lang.String)]]>
              </value>
            </param>
          </params>
          <reporter-output>
          </reporter-output>
        </test-method> <!-- tearDown -->
        <test-method is-config="true" signature="beforeMethod(org.testng.ITestContext,java.lang.reflect.Method)[pri:0, instance:test.AuthenticationTest@378542de]" started-at="2024-09-26T20:11:46 IST" name="beforeMethod" finished-at="2024-09-26T20:11:46 IST" duration-ms="0" status="PASS">
          <params>
            <param index="0">
              <value>
                <![CDATA[org.testng.TestRunner@55cb6996]]>
              </value>
            </param>
            <param index="1">
              <value>
                <![CDATA[public void test.AuthenticationTest.testAddItemToCart(java.lang.String)]]>
              </value>
            </param>
          </params>
          <reporter-output>
          </reporter-output>
        </test-method> <!-- beforeMethod -->
        <test-method signature="testAddItemToCart(java.lang.String)[pri:3, instance:test.AuthenticationTest@378542de]" started-at="2024-09-26T20:11:46 IST" name="testAddItemToCart" data-provider="itemsProvider" finished-at="2024-09-26T20:11:47 IST" depends-on-methods="test.AuthenticationTest.testSuccessfulLogin" duration-ms="404" status="PASS">
          <params>
            <param index="0">
              <value>
                <![CDATA[Test.allTheThings() T-Shirt (Red)]]>
              </value>
            </param>
          </params>
          <reporter-output>
          </reporter-output>
        </test-method> <!-- testAddItemToCart -->
        <test-method is-config="true" signature="tearDown(org.testng.ITestContext,java.lang.reflect.Method)[pri:0, instance:test.AuthenticationTest@378542de]" started-at="2024-09-26T20:11:47 IST" name="tearDown" finished-at="2024-09-26T20:11:47 IST" duration-ms="216" status="PASS">
          <params>
            <param index="0">
              <value>
                <![CDATA[org.testng.TestRunner@55cb6996]]>
              </value>
            </param>
            <param index="1">
              <value>
                <![CDATA[public void test.AuthenticationTest.testAddItemToCart(java.lang.String)]]>
              </value>
            </param>
          </params>
          <reporter-output>
          </reporter-output>
        </test-method> <!-- tearDown -->
        <test-method signature="testCartList()[pri:4, instance:test.AuthenticationTest@378542de]" started-at="2024-09-26T20:11:47 IST" name="testCartList" finished-at="2024-09-26T20:11:47 IST" depends-on-methods="test.AuthenticationTest.testAddItemToCart" duration-ms="200" status="PASS">
          <reporter-output>
          </reporter-output>
        </test-method> <!-- testCartList -->
        <test-method is-config="true" signature="beforeMethod(org.testng.ITestContext,java.lang.reflect.Method)[pri:0, instance:test.AuthenticationTest@378542de]" started-at="2024-09-26T20:11:47 IST" name="beforeMethod" finished-at="2024-09-26T20:11:47 IST" duration-ms="0" status="PASS">
          <params>
            <param index="0">
              <value>
                <![CDATA[org.testng.TestRunner@55cb6996]]>
              </value>
            </param>
            <param index="1">
              <value>
                <![CDATA[public void test.AuthenticationTest.testCartList()]]>
              </value>
            </param>
          </params>
          <reporter-output>
          </reporter-output>
        </test-method> <!-- beforeMethod -->
        <test-method is-config="true" signature="tearDown(org.testng.ITestContext,java.lang.reflect.Method)[pri:0, instance:test.AuthenticationTest@378542de]" started-at="2024-09-26T20:11:47 IST" name="tearDown" finished-at="2024-09-26T20:11:47 IST" duration-ms="155" status="PASS">
          <params>
            <param index="0">
              <value>
                <![CDATA[org.testng.TestRunner@55cb6996]]>
              </value>
            </param>
            <param index="1">
              <value>
                <![CDATA[public void test.AuthenticationTest.testCartList()]]>
              </value>
            </param>
          </params>
          <reporter-output>
          </reporter-output>
        </test-method> <!-- tearDown -->
        <test-method signature="testLogout()[pri:5, instance:test.AuthenticationTest@378542de]" started-at="2024-09-26T20:11:47 IST" name="testLogout" finished-at="2024-09-26T20:11:48 IST" depends-on-methods="test.AuthenticationTest.testCartList" duration-ms="689" status="PASS">
          <reporter-output>
          </reporter-output>
        </test-method> <!-- testLogout -->
        <test-method is-config="true" signature="beforeMethod(org.testng.ITestContext,java.lang.reflect.Method)[pri:0, instance:test.AuthenticationTest@378542de]" started-at="2024-09-26T20:11:47 IST" name="beforeMethod" finished-at="2024-09-26T20:11:47 IST" duration-ms="0" status="PASS">
          <params>
            <param index="0">
              <value>
                <![CDATA[org.testng.TestRunner@55cb6996]]>
              </value>
            </param>
            <param index="1">
              <value>
                <![CDATA[public void test.AuthenticationTest.testLogout()]]>
              </value>
            </param>
          </params>
          <reporter-output>
          </reporter-output>
        </test-method> <!-- beforeMethod -->
        <test-method is-config="true" signature="tearDown(org.testng.ITestContext,java.lang.reflect.Method)[pri:0, instance:test.AuthenticationTest@378542de]" started-at="2024-09-26T20:11:48 IST" name="tearDown" finished-at="2024-09-26T20:11:48 IST" duration-ms="148" status="PASS">
          <params>
            <param index="0">
              <value>
                <![CDATA[org.testng.TestRunner@55cb6996]]>
              </value>
            </param>
            <param index="1">
              <value>
                <![CDATA[public void test.AuthenticationTest.testLogout()]]>
              </value>
            </param>
          </params>
          <reporter-output>
          </reporter-output>
        </test-method> <!-- tearDown -->
        <test-method is-config="true" signature="closeBrowser()[pri:0, instance:test.AuthenticationTest@378542de]" started-at="2024-09-26T20:11:48 IST" name="closeBrowser" finished-at="2024-09-26T20:11:49 IST" duration-ms="442" status="PASS">
          <reporter-output>
          </reporter-output>
        </test-method> <!-- closeBrowser -->
        <test-method is-config="true" signature="afterTest()[pri:0, instance:test.AuthenticationTest@378542de]" started-at="2024-09-26T20:11:49 IST" name="afterTest" finished-at="2024-09-26T20:11:49 IST" duration-ms="0" status="PASS">
          <reporter-output>
          </reporter-output>
        </test-method> <!-- afterTest -->
        <test-method is-config="true" signature="afterSuite()[pri:0, instance:test.AuthenticationTest@378542de]" started-at="2024-09-26T20:11:49 IST" name="afterSuite" finished-at="2024-09-26T20:11:49 IST" duration-ms="0" status="PASS">
          <reporter-output>
          </reporter-output>
        </test-method> <!-- afterSuite -->
      </class> <!-- test.AuthenticationTest -->
    </test> <!-- Test -->
  </suite> <!-- Suite -->
</testng-results>
