<?xml version="1.0" encoding="UTF-8"?>
<!-- Generated by org.testng.reporters.JUnitXMLReporter -->
<testsuite ignored="0" hostname="CHERML00000314" failures="0" tests="10" name="Test" time="13.694" errors="0" timestamp="2024-09-27T12:18:16 IST">
  <testcase classname="test.testCartFeature" name="testLoginPage" time="4.043"/>
  <testcase classname="test.testCartFeature" name="testSuccessfulLogin" time="0.297"/>
  <testcase classname="test.testCartFeature" name="testAddItemToCart" time="0.193"/>
  <testcase classname="test.testCartFeature" name="testAddItemToCart" time="0.191"/>
  <testcase classname="test.testCartFeature" name="testAddItemToCart" time="0.354"/>
  <testcase classname="test.testCartFeature" name="testAddItemToCart" time="0.291"/>
  <testcase classname="test.testCartFeature" name="testAddItemToCart" time="0.368"/>
  <testcase classname="test.testCartFeature" name="testAddItemToCart" time="0.414"/>
  <testcase classname="test.testCartFeature" name="testCartList" time="0.224"/>
  <testcase classname="test.testCartFeature" name="testLogout" time="0.716"/>
</testsuite> <!-- Test -->
