<?xml version="1.0" encoding="UTF-8"?>
<!-- Generated by org.testng.reporters.JUnitXMLReporter -->
<testsuite ignored="0" hostname="CHERML00000314" failures="0" tests="10" name="Test" time="13.399" errors="0" timestamp="2024-09-26T20:11:49 IST">
  <testcase classname="test.AuthenticationTest" name="testLoginPage" time="3.889"/>
  <testcase classname="test.AuthenticationTest" name="testSuccessfulLogin" time="0.289"/>
  <testcase classname="test.AuthenticationTest" name="testAddItemToCart" time="0.172"/>
  <testcase classname="test.AuthenticationTest" name="testAddItemToCart" time="0.201"/>
  <testcase classname="test.AuthenticationTest" name="testAddItemToCart" time="0.293"/>
  <testcase classname="test.AuthenticationTest" name="testAddItemToCart" time="0.228"/>
  <testcase classname="test.AuthenticationTest" name="testAddItemToCart" time="0.342"/>
  <testcase classname="test.AuthenticationTest" name="testAddItemToCart" time="0.404"/>
  <testcase classname="test.AuthenticationTest" name="testCartList" time="0.2"/>
  <testcase classname="test.AuthenticationTest" name="testLogout" time="0.689"/>
</testsuite> <!-- Test -->
